# JRE version: OpenJDK Runtime Environment (17.0.10) (build 17.0.10+0--11572160)
# Java VM: OpenJDK 64-Bit Server VM (17.0.10+0--11572160, mixed mode, tiered, compressed oops, compressed class ptrs, g1 gc, windows-amd64)
GC Precious Log:
 CPUs: 8 total, 8 available
 Memory: 7963M
 Large Page Support: Disabled
 NUMA Support: Disabled
 Compressed Oops: Enabled (Zero based)
 Heap Region Size: 2M
 Heap Min Capacity: 8M
 Heap Initial Capacity: 126M
 Heap Max Capacity: 4G
 Pre-touch: Disabled
 Parallel Workers: 8
 Concurrent Workers: 2
 Concurrent Refinement Workers: 8
 Periodic GC: Disabled
Heap:
 garbage-first heap   total 219136K, used 140730K [0x0000000700000000, 0x0000000800000000)
  region size 2048K, 11 young (22528K), 3 survivors (6144K)
 Metaspace       used 101340K, committed 102336K, reserved 1179648K
  class space    used 13898K, committed 14336K, reserved 1048576K
GC Heap History (20 events):
Event: 13.386 GC heap before
{Heap before GC invocations=33 (full 0):
 garbage-first heap   total 147456K, used 115685K [0x0000000700000000, 0x0000000800000000)
  region size 2048K, 23 young (47104K), 3 survivors (6144K)
 Metaspace       used 84003K, committed 84736K, reserved 1179648K
  class space    used 11291K, committed 11584K, reserved 1048576K
}
Event: 13.393 GC heap after
{Heap after GC invocations=34 (full 0):
 garbage-first heap   total 147456K, used 78201K [0x0000000700000000, 0x0000000800000000)
  region size 2048K, 3 young (6144K), 3 survivors (6144K)
 Metaspace       used 84003K, committed 84736K, reserved 1179648K
  class space    used 11291K, committed 11584K, reserved 1048576K
}
Event: 14.064 GC heap before
{Heap before GC invocations=35 (full 0):
 garbage-first heap   total 147456K, used 119161K [0x0000000700000000, 0x0000000800000000)
  region size 2048K, 23 young (47104K), 3 survivors (6144K)
 Metaspace       used 88238K, committed 89024K, reserved 1179648K
  class space    used 12058K, committed 12416K, reserved 1048576K
}
Event: 14.070 GC heap after
{Heap after GC invocations=36 (full 0):
 garbage-first heap   total 147456K, used 80733K [0x0000000700000000, 0x0000000800000000)
  region size 2048K, 2 young (4096K), 2 survivors (4096K)
 Metaspace       used 88238K, committed 89024K, reserved 1179648K
  class space    used 12058K, committed 12416K, reserved 1048576K
}
Event: 14.497 GC heap before
{Heap before GC invocations=36 (full 0):
 garbage-first heap   total 147456K, used 117597K [0x0000000700000000, 0x0000000800000000)
  region size 2048K, 20 young (40960K), 2 survivors (4096K)
 Metaspace       used 89253K, committed 90048K, reserved 1179648K
  class space    used 12206K, committed 12544K, reserved 1048576K
}
Event: 14.503 GC heap after
{Heap after GC invocations=37 (full 0):
 garbage-first heap   total 147456K, used 85093K [0x0000000700000000, 0x0000000800000000)
  region size 2048K, 3 young (6144K), 3 survivors (6144K)
 Metaspace       used 89253K, committed 90048K, reserved 1179648K
  class space    used 12206K, committed 12544K, reserved 1048576K
}
Event: 15.022 GC heap before
{Heap before GC invocations=38 (full 0):
 garbage-first heap   total 157696K, used 117861K [0x0000000700000000, 0x0000000800000000)
  region size 2048K, 20 young (40960K), 3 survivors (6144K)
 Metaspace       used 90601K, committed 91392K, reserved 1179648K
  class space    used 12384K, committed 12736K, reserved 1048576K
}
Event: 15.028 GC heap after
{Heap after GC invocations=39 (full 0):
 garbage-first heap   total 157696K, used 90688K [0x0000000700000000, 0x0000000800000000)
  region size 2048K, 3 young (6144K), 3 survivors (6144K)
 Metaspace       used 90601K, committed 91392K, reserved 1179648K
  class space    used 12384K, committed 12736K, reserved 1048576K
}
Event: 15.532 GC heap before
{Heap before GC invocations=39 (full 0):
 garbage-first heap   total 157696K, used 125504K [0x0000000700000000, 0x0000000800000000)
  region size 2048K, 21 young (43008K), 3 survivors (6144K)
 Metaspace       used 91807K, committed 92736K, reserved 1179648K
  class space    used 12596K, committed 12992K, reserved 1048576K
}
Event: 15.536 GC heap after
{Heap after GC invocations=40 (full 0):
 garbage-first heap   total 157696K, used 98792K [0x0000000700000000, 0x0000000800000000)
  region size 2048K, 3 young (6144K), 3 survivors (6144K)
 Metaspace       used 91807K, committed 92736K, reserved 1179648K
  class space    used 12596K, committed 12992K, reserved 1048576K
}
Event: 15.903 GC heap before
{Heap before GC invocations=41 (full 0):
 garbage-first heap   total 182272K, used 125416K [0x0000000700000000, 0x0000000800000000)
  region size 2048K, 17 young (34816K), 3 survivors (6144K)
 Metaspace       used 92156K, committed 93120K, reserved 1179648K
  class space    used 12636K, committed 13056K, reserved 1048576K
}
Event: 15.913 GC heap after
{Heap after GC invocations=42 (full 0):
 garbage-first heap   total 182272K, used 105689K [0x0000000700000000, 0x0000000800000000)
  region size 2048K, 3 young (6144K), 3 survivors (6144K)
 Metaspace       used 92156K, committed 93120K, reserved 1179648K
  class space    used 12636K, committed 13056K, reserved 1048576K
}
Event: 16.372 GC heap before
{Heap before GC invocations=42 (full 0):
 garbage-first heap   total 182272K, used 138457K [0x0000000700000000, 0x0000000800000000)
  region size 2048K, 19 young (38912K), 3 survivors (6144K)
 Metaspace       used 93549K, committed 94528K, reserved 1179648K
  class space    used 12829K, committed 13248K, reserved 1048576K
}
Event: 16.383 GC heap after
{Heap after GC invocations=43 (full 0):
 garbage-first heap   total 219136K, used 112263K [0x0000000700000000, 0x0000000800000000)
  region size 2048K, 3 young (6144K), 3 survivors (6144K)
 Metaspace       used 93549K, committed 94528K, reserved 1179648K
  class space    used 12829K, committed 13248K, reserved 1048576K
}
Event: 17.378 GC heap before
{Heap before GC invocations=44 (full 0):
 garbage-first heap   total 219136K, used 159367K [0x0000000700000000, 0x0000000800000000)
  region size 2048K, 26 young (53248K), 3 survivors (6144K)
 Metaspace       used 99025K, committed 100032K, reserved 1179648K
  class space    used 13602K, committed 14016K, reserved 1048576K
}
Event: 17.388 GC heap after
{Heap after GC invocations=45 (full 0):
 garbage-first heap   total 219136K, used 116548K [0x0000000700000000, 0x0000000800000000)
  region size 2048K, 3 young (6144K), 3 survivors (6144K)
 Metaspace       used 99025K, committed 100032K, reserved 1179648K
  class space    used 13602K, committed 14016K, reserved 1048576K
}
Event: 17.465 GC heap before
{Heap before GC invocations=45 (full 0):
 garbage-first heap   total 219136K, used 120644K [0x0000000700000000, 0x0000000800000000)
  region size 2048K, 5 young (10240K), 3 survivors (6144K)
 Metaspace       used 99340K, committed 100288K, reserved 1179648K
  class space    used 13641K, committed 14016K, reserved 1048576K
}
Event: 17.474 GC heap after
{Heap after GC invocations=46 (full 0):
 garbage-first heap   total 219136K, used 116744K [0x0000000700000000, 0x0000000800000000)
  region size 2048K, 1 young (2048K), 1 survivors (2048K)
 Metaspace       used 99340K, committed 100288K, reserved 1179648K
  class space    used 13641K, committed 14016K, reserved 1048576K
}
Event: 18.129 GC heap before
{Heap before GC invocations=46 (full 0):
 garbage-first heap   total 219136K, used 163848K [0x0000000700000000, 0x0000000800000000)
  region size 2048K, 24 young (49152K), 1 survivors (2048K)
 Metaspace       used 100750K, committed 101696K, reserved 1179648K
  class space    used 13813K, committed 14208K, reserved 1048576K
}
Event: 18.141 GC heap after
{Heap after GC invocations=47 (full 0):
 garbage-first heap   total 219136K, used 126394K [0x0000000700000000, 0x0000000800000000)
  region size 2048K, 3 young (6144K), 3 survivors (6144K)
 Metaspace       used 100750K, committed 101696K, reserved 1179648K
  class space    used 13813K, committed 14208K, reserved 1048576K
}

